{"G:\\imc\\src\\services\\storage.js": {"path":"G:\\imc\\src\\services\\storage.js","statementMap":{"0":{"start":{"line":3,"column":24},"end":{"line":11,"column":1}},"1":{"start":{"line":4,"column":2},"end":{"line":10,"column":3}},"2":{"start":{"line":5,"column":4},"end":{"line":5,"column":72}},"3":{"start":{"line":6,"column":4},"end":{"line":6,"column":16}},"4":{"start":{"line":8,"column":4},"end":{"line":8,"column":52}},"5":{"start":{"line":9,"column":4},"end":{"line":9,"column":17}},"6":{"start":{"line":13,"column":30},"end":{"line":21,"column":1}},"7":{"start":{"line":14,"column":2},"end":{"line":20,"column":3}},"8":{"start":{"line":15,"column":21},"end":{"line":15,"column":62}},"9":{"start":{"line":16,"column":4},"end":{"line":16,"column":50}},"10":{"start":{"line":18,"column":4},"end":{"line":18,"column":52}},"11":{"start":{"line":19,"column":4},"end":{"line":19,"column":16}},"12":{"start":{"line":23,"column":22},"end":{"line":31,"column":1}},"13":{"start":{"line":24,"column":2},"end":{"line":30,"column":3}},"14":{"start":{"line":25,"column":4},"end":{"line":25,"column":49}},"15":{"start":{"line":26,"column":4},"end":{"line":26,"column":16}},"16":{"start":{"line":28,"column":4},"end":{"line":28,"column":50}},"17":{"start":{"line":29,"column":4},"end":{"line":29,"column":17}},"18":{"start":{"line":33,"column":30},"end":{"line":50,"column":1}},"19":{"start":{"line":34,"column":2},"end":{"line":49,"column":3}},"20":{"start":{"line":35,"column":23},"end":{"line":35,"column":41}},"21":{"start":{"line":36,"column":28},"end":{"line":36,"column":66}},"22":{"start":{"line":37,"column":20},"end":{"line":37,"column":70}},"23":{"start":{"line":39,"column":4},"end":{"line":42,"column":7}},"24":{"start":{"line":44,"column":4},"end":{"line":44,"column":68}},"25":{"start":{"line":45,"column":4},"end":{"line":45,"column":16}},"26":{"start":{"line":47,"column":4},"end":{"line":47,"column":54}},"27":{"start":{"line":48,"column":4},"end":{"line":48,"column":17}},"28":{"start":{"line":52,"column":29},"end":{"line":61,"column":1}},"29":{"start":{"line":53,"column":2},"end":{"line":60,"column":3}},"30":{"start":{"line":54,"column":23},"end":{"line":54,"column":41}},"31":{"start":{"line":55,"column":20},"end":{"line":55,"column":58}},"32":{"start":{"line":56,"column":4},"end":{"line":56,"column":46}},"33":{"start":{"line":58,"column":4},"end":{"line":58,"column":54}},"34":{"start":{"line":59,"column":4},"end":{"line":59,"column":14}},"35":{"start":{"line":63,"column":28},"end":{"line":81,"column":1}},"36":{"start":{"line":64,"column":2},"end":{"line":80,"column":3}},"37":{"start":{"line":65,"column":21},"end":{"line":65,"column":39}},"38":{"start":{"line":66,"column":26},"end":{"line":66,"column":62}},"39":{"start":{"line":67,"column":18},"end":{"line":67,"column":64}},"40":{"start":{"line":69,"column":23},"end":{"line":69,"column":66}},"41":{"start":{"line":69,"column":39},"end":{"line":69,"column":65}},"42":{"start":{"line":70,"column":4},"end":{"line":72,"column":5}},"43":{"start":{"line":71,"column":6},"end":{"line":71,"column":64}},"44":{"start":{"line":74,"column":4},"end":{"line":74,"column":25}},"45":{"start":{"line":75,"column":4},"end":{"line":75,"column":64}},"46":{"start":{"line":76,"column":4},"end":{"line":76,"column":29}},"47":{"start":{"line":78,"column":4},"end":{"line":78,"column":55}},"48":{"start":{"line":79,"column":4},"end":{"line":79,"column":60}},"49":{"start":{"line":83,"column":25},"end":{"line":100,"column":1}},"50":{"start":{"line":84,"column":2},"end":{"line":99,"column":3}},"51":{"start":{"line":85,"column":21},"end":{"line":85,"column":39}},"52":{"start":{"line":86,"column":26},"end":{"line":86,"column":62}},"53":{"start":{"line":87,"column":18},"end":{"line":87,"column":64}},"54":{"start":{"line":89,"column":17},"end":{"line":89,"column":78}},"55":{"start":{"line":89,"column":33},"end":{"line":89,"column":77}},"56":{"start":{"line":90,"column":4},"end":{"line":93,"column":5}},"57":{"start":{"line":91,"column":6},"end":{"line":91,"column":27}},"58":{"start":{"line":92,"column":6},"end":{"line":92,"column":37}},"59":{"start":{"line":95,"column":4},"end":{"line":95,"column":68}},"60":{"start":{"line":97,"column":4},"end":{"line":97,"column":49}},"61":{"start":{"line":98,"column":4},"end":{"line":98,"column":62}}},"fnMap":{"0":{"name":"(anonymous_0)","decl":{"start":{"line":3,"column":24},"end":{"line":3,"column":25}},"loc":{"start":{"line":3,"column":44},"end":{"line":11,"column":1}},"line":3},"1":{"name":"(anonymous_1)","decl":{"start":{"line":13,"column":30},"end":{"line":13,"column":31}},"loc":{"start":{"line":13,"column":42},"end":{"line":21,"column":1}},"line":13},"2":{"name":"(anonymous_2)","decl":{"start":{"line":23,"column":22},"end":{"line":23,"column":23}},"loc":{"start":{"line":23,"column":34},"end":{"line":31,"column":1}},"line":23},"3":{"name":"(anonymous_3)","decl":{"start":{"line":33,"column":30},"end":{"line":33,"column":31}},"loc":{"start":{"line":33,"column":56},"end":{"line":50,"column":1}},"line":33},"4":{"name":"(anonymous_4)","decl":{"start":{"line":52,"column":29},"end":{"line":52,"column":30}},"loc":{"start":{"line":52,"column":46},"end":{"line":61,"column":1}},"line":52},"5":{"name":"(anonymous_5)","decl":{"start":{"line":63,"column":28},"end":{"line":63,"column":29}},"loc":{"start":{"line":63,"column":48},"end":{"line":81,"column":1}},"line":63},"6":{"name":"(anonymous_6)","decl":{"start":{"line":69,"column":34},"end":{"line":69,"column":35}},"loc":{"start":{"line":69,"column":39},"end":{"line":69,"column":65}},"line":69},"7":{"name":"(anonymous_7)","decl":{"start":{"line":83,"column":25},"end":{"line":83,"column":26}},"loc":{"start":{"line":83,"column":52},"end":{"line":100,"column":1}},"line":83},"8":{"name":"(anonymous_8)","decl":{"start":{"line":89,"column":28},"end":{"line":89,"column":29}},"loc":{"start":{"line":89,"column":33},"end":{"line":89,"column":77}},"line":89}},"branchMap":{"0":{"loc":{"start":{"line":16,"column":11},"end":{"line":16,"column":49}},"type":"cond-expr","locations":[{"start":{"line":16,"column":22},"end":{"line":16,"column":42}},{"start":{"line":16,"column":45},"end":{"line":16,"column":49}}],"line":16},"1":{"loc":{"start":{"line":37,"column":20},"end":{"line":37,"column":70}},"type":"cond-expr","locations":[{"start":{"line":37,"column":38},"end":{"line":37,"column":65}},{"start":{"line":37,"column":68},"end":{"line":37,"column":70}}],"line":37},"2":{"loc":{"start":{"line":56,"column":11},"end":{"line":56,"column":45}},"type":"cond-expr","locations":[{"start":{"line":56,"column":21},"end":{"line":56,"column":40}},{"start":{"line":56,"column":43},"end":{"line":56,"column":45}}],"line":56},"3":{"loc":{"start":{"line":67,"column":18},"end":{"line":67,"column":64}},"type":"cond-expr","locations":[{"start":{"line":67,"column":34},"end":{"line":67,"column":59}},{"start":{"line":67,"column":62},"end":{"line":67,"column":64}}],"line":67},"4":{"loc":{"start":{"line":70,"column":4},"end":{"line":72,"column":5}},"type":"if","locations":[{"start":{"line":70,"column":4},"end":{"line":72,"column":5}},{"start":{},"end":{}}],"line":70},"5":{"loc":{"start":{"line":87,"column":18},"end":{"line":87,"column":64}},"type":"cond-expr","locations":[{"start":{"line":87,"column":34},"end":{"line":87,"column":59}},{"start":{"line":87,"column":62},"end":{"line":87,"column":64}}],"line":87},"6":{"loc":{"start":{"line":89,"column":33},"end":{"line":89,"column":77}},"type":"binary-expr","locations":[{"start":{"line":89,"column":33},"end":{"line":89,"column":50}},{"start":{"line":89,"column":54},"end":{"line":89,"column":77}}],"line":89},"7":{"loc":{"start":{"line":90,"column":4},"end":{"line":93,"column":5}},"type":"if","locations":[{"start":{"line":90,"column":4},"end":{"line":93,"column":5}},{"start":{},"end":{}}],"line":90}},"s":{"0":1,"1":3,"2":3,"3":2,"4":1,"5":1,"6":1,"7":3,"8":3,"9":2,"10":1,"11":1,"12":1,"13":2,"14":2,"15":1,"16":1,"17":1,"18":1,"19":3,"20":3,"21":3,"22":3,"23":3,"24":3,"25":3,"26":0,"27":0,"28":1,"29":3,"30":3,"31":3,"32":2,"33":1,"34":1,"35":1,"36":4,"37":4,"38":4,"39":3,"40":3,"41":2,"42":3,"43":1,"44":2,"45":2,"46":2,"47":1,"48":1,"49":1,"50":4,"51":4,"52":4,"53":3,"54":3,"55":2,"56":3,"57":1,"58":1,"59":2,"60":1,"61":1},"f":{"0":3,"1":3,"2":2,"3":3,"4":3,"5":4,"6":2,"7":4,"8":2},"b":{"0":[1,1],"1":[1,2],"2":[1,1],"3":[2,1],"4":[1,2],"5":[3,0],"6":[2,2],"7":[1,2]},"_coverageSchema":"1a1c01bbd47fc00a2c39e90264f33305004495a9","hash":"8106f8a6f0763cec8ce4bb0db85c77acf1893053"}
,"G:\\imc\\src\\utils\\imcCalculator.js": {"path":"G:\\imc\\src\\utils\\imcCalculator.js","statementMap":{"0":{"start":{"line":1,"column":28},"end":{"line":5,"column":1}},"1":{"start":{"line":2,"column":25},"end":{"line":2,"column":37}},"2":{"start":{"line":3,"column":14},"end":{"line":3,"column":56}},"3":{"start":{"line":4,"column":2},"end":{"line":4,"column":36}},"4":{"start":{"line":7,"column":36},"end":{"line":14,"column":1}},"5":{"start":{"line":8,"column":2},"end":{"line":8,"column":74}},"6":{"start":{"line":8,"column":18},"end":{"line":8,"column":74}},"7":{"start":{"line":9,"column":2},"end":{"line":9,"column":84}},"8":{"start":{"line":9,"column":31},"end":{"line":9,"column":84}},"9":{"start":{"line":10,"column":2},"end":{"line":10,"column":80}},"10":{"start":{"line":10,"column":29},"end":{"line":10,"column":80}},"11":{"start":{"line":11,"column":2},"end":{"line":11,"column":87}},"12":{"start":{"line":11,"column":29},"end":{"line":11,"column":87}},"13":{"start":{"line":12,"column":2},"end":{"line":12,"column":88}},"14":{"start":{"line":12,"column":29},"end":{"line":12,"column":88}},"15":{"start":{"line":13,"column":2},"end":{"line":13,"column":62}},"16":{"start":{"line":16,"column":35},"end":{"line":107,"column":1}},"17":{"start":{"line":17,"column":25},"end":{"line":17,"column":50}},"18":{"start":{"line":18,"column":15},"end":{"line":21,"column":3}},"19":{"start":{"line":23,"column":2},"end":{"line":100,"column":3}},"20":{"start":{"line":24,"column":4},"end":{"line":32,"column":6}},"21":{"start":{"line":34,"column":20},"end":{"line":34,"column":28}},"22":{"start":{"line":35,"column":24},"end":{"line":35,"column":45}},"23":{"start":{"line":37,"column":4},"end":{"line":64,"column":5}},"24":{"start":{"line":38,"column":6},"end":{"line":45,"column":8}},"25":{"start":{"line":46,"column":11},"end":{"line":64,"column":5}},"26":{"start":{"line":47,"column":6},"end":{"line":54,"column":8}},"27":{"start":{"line":56,"column":6},"end":{"line":63,"column":8}},"28":{"start":{"line":66,"column":4},"end":{"line":69,"column":5}},"29":{"start":{"line":67,"column":6},"end":{"line":67,"column":72}},"30":{"start":{"line":68,"column":6},"end":{"line":68,"column":90}},"31":{"start":{"line":70,"column":9},"end":{"line":100,"column":3}},"32":{"start":{"line":71,"column":4},"end":{"line":78,"column":6}},"33":{"start":{"line":80,"column":4},"end":{"line":85,"column":6}},"34":{"start":{"line":87,"column":4},"end":{"line":92,"column":6}},"35":{"start":{"line":94,"column":4},"end":{"line":99,"column":6}},"36":{"start":{"line":102,"column":2},"end":{"line":104,"column":3}},"37":{"start":{"line":103,"column":4},"end":{"line":103,"column":67}},"38":{"start":{"line":106,"column":2},"end":{"line":106,"column":14}}},"fnMap":{"0":{"name":"(anonymous_0)","decl":{"start":{"line":1,"column":28},"end":{"line":1,"column":29}},"loc":{"start":{"line":1,"column":48},"end":{"line":5,"column":1}},"line":1},"1":{"name":"(anonymous_1)","decl":{"start":{"line":7,"column":36},"end":{"line":7,"column":37}},"loc":{"start":{"line":7,"column":45},"end":{"line":14,"column":1}},"line":7},"2":{"name":"(anonymous_2)","decl":{"start":{"line":16,"column":35},"end":{"line":16,"column":36}},"loc":{"start":{"line":16,"column":73},"end":{"line":107,"column":1}},"line":16}},"branchMap":{"0":{"loc":{"start":{"line":8,"column":2},"end":{"line":8,"column":74}},"type":"if","locations":[{"start":{"line":8,"column":2},"end":{"line":8,"column":74}},{"start":{},"end":{}}],"line":8},"1":{"loc":{"start":{"line":9,"column":2},"end":{"line":9,"column":84}},"type":"if","locations":[{"start":{"line":9,"column":2},"end":{"line":9,"column":84}},{"start":{},"end":{}}],"line":9},"2":{"loc":{"start":{"line":9,"column":6},"end":{"line":9,"column":29}},"type":"binary-expr","locations":[{"start":{"line":9,"column":6},"end":{"line":9,"column":17}},{"start":{"line":9,"column":21},"end":{"line":9,"column":29}}],"line":9},"3":{"loc":{"start":{"line":10,"column":2},"end":{"line":10,"column":80}},"type":"if","locations":[{"start":{"line":10,"column":2},"end":{"line":10,"column":80}},{"start":{},"end":{}}],"line":10},"4":{"loc":{"start":{"line":10,"column":6},"end":{"line":10,"column":27}},"type":"binary-expr","locations":[{"start":{"line":10,"column":6},"end":{"line":10,"column":15}},{"start":{"line":10,"column":19},"end":{"line":10,"column":27}}],"line":10},"5":{"loc":{"start":{"line":11,"column":2},"end":{"line":11,"column":87}},"type":"if","locations":[{"start":{"line":11,"column":2},"end":{"line":11,"column":87}},{"start":{},"end":{}}],"line":11},"6":{"loc":{"start":{"line":11,"column":6},"end":{"line":11,"column":27}},"type":"binary-expr","locations":[{"start":{"line":11,"column":6},"end":{"line":11,"column":15}},{"start":{"line":11,"column":19},"end":{"line":11,"column":27}}],"line":11},"7":{"loc":{"start":{"line":12,"column":2},"end":{"line":12,"column":88}},"type":"if","locations":[{"start":{"line":12,"column":2},"end":{"line":12,"column":88}},{"start":{},"end":{}}],"line":12},"8":{"loc":{"start":{"line":12,"column":6},"end":{"line":12,"column":27}},"type":"binary-expr","locations":[{"start":{"line":12,"column":6},"end":{"line":12,"column":15}},{"start":{"line":12,"column":19},"end":{"line":12,"column":27}}],"line":12},"9":{"loc":{"start":{"line":23,"column":2},"end":{"line":100,"column":3}},"type":"if","locations":[{"start":{"line":23,"column":2},"end":{"line":100,"column":3}},{"start":{"line":70,"column":9},"end":{"line":100,"column":3}}],"line":23},"10":{"loc":{"start":{"line":35,"column":24},"end":{"line":35,"column":45}},"type":"binary-expr","locations":[{"start":{"line":35,"column":24},"end":{"line":35,"column":33}},{"start":{"line":35,"column":37},"end":{"line":35,"column":45}}],"line":35},"11":{"loc":{"start":{"line":37,"column":4},"end":{"line":64,"column":5}},"type":"if","locations":[{"start":{"line":37,"column":4},"end":{"line":64,"column":5}},{"start":{"line":46,"column":11},"end":{"line":64,"column":5}}],"line":37},"12":{"loc":{"start":{"line":46,"column":11},"end":{"line":64,"column":5}},"type":"if","locations":[{"start":{"line":46,"column":11},"end":{"line":64,"column":5}},{"start":{"line":55,"column":11},"end":{"line":64,"column":5}}],"line":46},"13":{"loc":{"start":{"line":66,"column":4},"end":{"line":69,"column":5}},"type":"if","locations":[{"start":{"line":66,"column":4},"end":{"line":69,"column":5}},{"start":{},"end":{}}],"line":66},"14":{"loc":{"start":{"line":70,"column":9},"end":{"line":100,"column":3}},"type":"if","locations":[{"start":{"line":70,"column":9},"end":{"line":100,"column":3}},{"start":{"line":86,"column":9},"end":{"line":100,"column":3}}],"line":70},"15":{"loc":{"start":{"line":102,"column":2},"end":{"line":104,"column":3}},"type":"if","locations":[{"start":{"line":102,"column":2},"end":{"line":104,"column":3}},{"start":{},"end":{}}],"line":102}},"s":{"0":1,"1":5,"2":5,"3":5,"4":1,"5":20,"6":2,"7":18,"8":5,"9":13,"10":8,"11":5,"12":3,"13":2,"14":1,"15":1,"16":1,"17":9,"18":9,"19":9,"20":6,"21":6,"22":6,"23":6,"24":3,"25":3,"26":2,"27":1,"28":6,"29":1,"30":1,"31":3,"32":1,"33":1,"34":2,"35":2,"36":9,"37":3,"38":9},"f":{"0":5,"1":20,"2":9},"b":{"0":[2,18],"1":[5,13],"2":[18,18],"3":[8,5],"4":[13,13],"5":[3,2],"6":[5,5],"7":[1,1],"8":[2,2],"9":[6,3],"10":[6,3],"11":[3,3],"12":[2,1],"13":[1,5],"14":[1,2],"15":[3,6]},"_coverageSchema":"1a1c01bbd47fc00a2c39e90264f33305004495a9","hash":"b4185f968ff2d306d12eeec327973e63f368f9e7"}
}
