TN:
SF:src\services\storage.js
FN:3,(anonymous_0)
FN:13,(anonymous_1)
FN:23,(anonymous_2)
FN:33,(anonymous_3)
FN:52,(anonymous_4)
FN:63,(anonymous_5)
FN:69,(anonymous_6)
FN:83,(anonymous_7)
FN:89,(anonymous_8)
FNF:9
FNH:9
FNDA:3,(anonymous_0)
FNDA:3,(anonymous_1)
FNDA:2,(anonymous_2)
FNDA:3,(anonymous_3)
FNDA:3,(anonymous_4)
FNDA:4,(anonymous_5)
FNDA:2,(anonymous_6)
FNDA:4,(anonymous_7)
FNDA:2,(anonymous_8)
DA:3,1
DA:4,3
DA:5,3
DA:6,2
DA:8,1
DA:9,1
DA:13,1
DA:14,3
DA:15,3
DA:16,2
DA:18,1
DA:19,1
DA:23,1
DA:24,2
DA:25,2
DA:26,1
DA:28,1
DA:29,1
DA:33,1
DA:34,3
DA:35,3
DA:36,3
DA:37,3
DA:39,3
DA:44,3
DA:45,3
DA:47,0
DA:48,0
DA:52,1
DA:53,3
DA:54,3
DA:55,3
DA:56,2
DA:58,1
DA:59,1
DA:63,1
DA:64,4
DA:65,4
DA:66,4
DA:67,3
DA:69,3
DA:70,3
DA:71,1
DA:74,2
DA:75,2
DA:76,2
DA:78,1
DA:79,1
DA:83,1
DA:84,4
DA:85,4
DA:86,4
DA:87,3
DA:89,3
DA:90,3
DA:91,1
DA:92,1
DA:95,2
DA:97,1
DA:98,1
LF:60
LH:58
BRDA:16,0,0,1
BRDA:16,0,1,1
BRDA:37,1,0,1
BRDA:37,1,1,2
BRDA:56,2,0,1
BRDA:56,2,1,1
BRDA:67,3,0,2
BRDA:67,3,1,1
BRDA:70,4,0,1
BRDA:70,4,1,2
BRDA:87,5,0,3
BRDA:87,5,1,0
BRDA:89,6,0,2
BRDA:89,6,1,2
BRDA:90,7,0,1
BRDA:90,7,1,2
BRF:16
BRH:15
end_of_record
TN:
SF:src\utils\imcCalculator.js
FN:1,(anonymous_0)
FN:7,(anonymous_1)
FN:16,(anonymous_2)
FNF:3
FNH:3
FNDA:5,(anonymous_0)
FNDA:20,(anonymous_1)
FNDA:9,(anonymous_2)
DA:1,1
DA:2,5
DA:3,5
DA:4,5
DA:7,1
DA:8,20
DA:9,18
DA:10,13
DA:11,5
DA:12,2
DA:13,1
DA:16,1
DA:17,9
DA:18,9
DA:23,9
DA:24,6
DA:34,6
DA:35,6
DA:37,6
DA:38,3
DA:46,3
DA:47,2
DA:56,1
DA:66,6
DA:67,1
DA:68,1
DA:70,3
DA:71,1
DA:80,1
DA:87,2
DA:94,2
DA:102,9
DA:103,3
DA:106,9
LF:34
LH:34
BRDA:8,0,0,2
BRDA:8,0,1,18
BRDA:9,1,0,5
BRDA:9,1,1,13
BRDA:9,2,0,18
BRDA:9,2,1,18
BRDA:10,3,0,8
BRDA:10,3,1,5
BRDA:10,4,0,13
BRDA:10,4,1,13
BRDA:11,5,0,3
BRDA:11,5,1,2
BRDA:11,6,0,5
BRDA:11,6,1,5
BRDA:12,7,0,1
BRDA:12,7,1,1
BRDA:12,8,0,2
BRDA:12,8,1,2
BRDA:23,9,0,6
BRDA:23,9,1,3
BRDA:35,10,0,6
BRDA:35,10,1,3
BRDA:37,11,0,3
BRDA:37,11,1,3
BRDA:46,12,0,2
BRDA:46,12,1,1
BRDA:66,13,0,1
BRDA:66,13,1,5
BRDA:70,14,0,1
BRDA:70,14,1,2
BRDA:102,15,0,3
BRDA:102,15,1,6
BRF:32
BRH:32
end_of_record
